TN:
SF:app.ts
FN:12,(anonymous_1)
FN:18,(anonymous_2)
FNF:2
FNH:2
FNDA:2,(anonymous_1)
FNDA:2,(anonymous_2)
DA:1,1
DA:2,1
DA:3,1
DA:5,1
DA:7,1
DA:8,1
DA:9,1
DA:12,1
DA:13,2
DA:18,1
DA:19,2
DA:20,2
LF:12
LH:12
BRDA:19,0,0,2
BRDA:19,1,0,0
BRF:2
BRH:1
end_of_record
TN:
SF:controllers/getRaceWinners.ts
FN:4,(anonymous_0)
FNF:1
FNH:1
FNDA:6,(anonymous_0)
DA:2,2
DA:4,2
DA:9,6
DA:10,6
DA:12,6
DA:13,4
LF:6
LH:6
BRF:0
BRH:0
end_of_record
TN:
SF:controllers/getSeasonChampions.ts
FN:4,(anonymous_0)
FNF:1
FNH:1
FNDA:8,(anonymous_0)
DA:2,2
DA:4,2
DA:5,8
DA:6,8
DA:8,6
LF:5
LH:5
BRF:0
BRH:0
end_of_record
TN:
SF:middleware/ctrlWrapper.ts
FN:8,(anonymous_0)
FN:11,(anonymous_1)
FNF:2
FNH:2
FNDA:8,(anonymous_0)
FNDA:13,(anonymous_1)
DA:8,2
DA:11,8
DA:12,13
DA:13,13
DA:15,5
LF:5
LH:5
BRF:0
BRH:0
end_of_record
TN:
SF:models/drivers.ts
FNF:0
FNH:0
DA:1,0
DA:7,0
DA:25,0
DA:45,0
DA:47,0
LF:5
LH:0
BRF:0
BRH:0
end_of_record
TN:
SF:models/seasonWinner.ts
FNF:0
FNH:0
DA:1,0
DA:9,0
DA:15,0
DA:17,0
LF:4
LH:0
BRF:0
BRH:0
end_of_record
TN:
SF:routes/drivers.ts
FNF:0
FNH:0
DA:1,1
DA:2,1
DA:3,1
DA:4,1
DA:6,1
DA:8,1
DA:10,1
LF:7
LH:7
BRF:0
BRH:0
end_of_record
TN:
SF:services/raceWinnersService.ts
FN:8,(anonymous_1)
FN:25,(anonymous_2)
FN:30,(anonymous_3)
FN:33,(anonymous_4)
FN:37,(anonymous_5)
FN:40,(anonymous_6)
FN:41,(anonymous_7)
FNF:7
FNH:7
FNDA:6,(anonymous_1)
FNDA:20,(anonymous_2)
FNDA:20,(anonymous_3)
FNDA:20,(anonymous_4)
FNDA:6,(anonymous_5)
FNDA:7,(anonymous_6)
FNDA:7,(anonymous_7)
DA:3,3
DA:4,3
DA:5,3
DA:7,3
DA:9,6
DA:11,6
DA:12,6
DA:13,1
DA:16,5
DA:17,5
DA:18,1
DA:19,1
DA:22,4
DA:23,4
DA:24,4
DA:25,4
DA:26,20
DA:29,4
DA:30,20
DA:33,20
DA:35,4
DA:37,4
DA:38,6
DA:40,6
DA:41,7
DA:42,7
DA:44,7
DA:45,7
DA:46,7
DA:48,7
DA:49,2
DA:71,5
DA:80,4
DA:82,4
DA:83,2
DA:86,2
DA:87,2
DA:89,2
LF:38
LH:38
BRDA:12,0,0,1
BRDA:17,1,0,1
BRDA:26,2,0,4
BRDA:26,2,1,16
BRDA:42,3,0,0
BRDA:48,4,0,2
BRDA:48,4,1,5
BRDA:68,5,0,2
BRDA:68,5,1,0
BRDA:82,6,0,2
BRF:10
BRH:8
end_of_record
TN:
SF:services/seasonChampionsService.ts
FN:8,(anonymous_1)
FN:11,(anonymous_2)
FN:16,(anonymous_3)
FN:22,(anonymous_4)
FN:26,(anonymous_5)
FN:30,(anonymous_6)
FN:33,(anonymous_7)
FN:38,(anonymous_8)
FN:39,(anonymous_9)
FN:43,(anonymous_10)
FN:46,(anonymous_11)
FN:50,(anonymous_12)
FN:57,(anonymous_13)
FN:63,(anonymous_14)
FN:72,(anonymous_15)
FNF:15
FNH:15
FNDA:8,(anonymous_1)
FNDA:24,(anonymous_2)
FNDA:24,(anonymous_3)
FNDA:24,(anonymous_4)
FNDA:24,(anonymous_5)
FNDA:21,(anonymous_6)
FNDA:7,(anonymous_7)
FNDA:7,(anonymous_8)
FNDA:21,(anonymous_9)
FNDA:21,(anonymous_10)
FNDA:21,(anonymous_11)
FNDA:3,(anonymous_12)
FNDA:8,(anonymous_13)
FNDA:21,(anonymous_14)
FNDA:6,(anonymous_15)
DA:3,3
DA:4,3
DA:5,3
DA:7,3
DA:9,8
DA:10,8
DA:11,24
DA:13,8
DA:15,8
DA:17,24
DA:18,24
DA:22,8
DA:23,24
DA:26,24
DA:28,8
DA:29,7
DA:30,21
DA:33,7
DA:34,7
DA:35,7
DA:38,7
DA:39,21
DA:42,8
DA:43,21
DA:46,21
DA:48,8
DA:49,1
DA:50,1
DA:51,3
DA:52,3
DA:56,8
DA:57,8
DA:60,8
DA:64,21
DA:66,21
DA:67,21
DA:69,9
DA:70,9
DA:72,6
DA:73,6
DA:75,3
LF:41
LH:41
BRDA:18,0,0,3
BRDA:18,0,1,21
BRDA:23,1,0,3
BRDA:28,2,0,7
BRDA:48,3,0,1
BRDA:67,4,0,12
BRDA:70,5,0,3
BRDA:70,6,0,9
BRDA:70,6,1,9
BRDA:73,7,0,3
BRF:10
BRH:10
end_of_record
TN:
SF:utils/fetchRetryFunction.ts
FN:3,fetchWithRetry
FNF:1
FNH:1
FNDA:16,fetchWithRetry
DA:1,7
DA:3,7
DA:4,16
DA:5,16
DA:6,3
DA:8,13
DA:9,3
DA:10,3
DA:13,10
DA:14,10
DA:15,6
DA:18,4
LF:12
LH:12
BRDA:3,0,0,4
BRDA:8,1,0,3
BRDA:8,2,0,13
BRDA:8,2,1,4
BRDA:14,3,0,6
BRF:5
BRH:5
end_of_record
TN:
SF:utils/redisClient.ts
FN:5,(anonymous_0)
FNF:1
FNH:0
FNDA:0,(anonymous_0)
DA:1,0
DA:3,0
DA:5,0
LF:3
LH:0
BRF:0
BRH:0
end_of_record
